[22-May-2025 19:18:52 Europe/Berlin] PHP Fatal error:  Uncaught mysqli_sql_exception: Unknown column 'Name' in 'field list' in C:\xampp\htdocs\web-project1\php\register.php:55
Stack trace:
#0 C:\xampp\htdocs\web-project1\php\register.php(55): mysqli->prepare('INSERT INTO Cus...')
#1 {main}
  thrown in C:\xampp\htdocs\web-project1\php\register.php on line 55
[22-May-2025 19:28:38 Europe/Berlin] Empty customer_name, email, or password provided.
[22-May-2025 19:29:05 Europe/Berlin] Empty customer_name, email, or password provided.
[22-May-2025 19:34:46 Europe/Berlin] Empty customer_name, email, or password provided.
[22-May-2025 19:34:53 Europe/Berlin] Empty customer_name, email, or password provided.
[22-May-2025 19:44:59 Europe/Berlin] Empty customer_name, email, or password provided.
[22-May-2025 19:51:25 Europe/Berlin] Received inputs: customer_name=lolo, email=eleenbzoor32@gmail.com, password=set, phone_number=0599595807, address=ff
[22-May-2025 19:51:25 Europe/Berlin] Registration successful for email: eleenbzoor32@gmail.com, redirecting to mainbage.php
[22-May-2025 19:51:50 Europe/Berlin] User already logged in, redirecting to mainbage.php
[22-May-2025 19:54:15 Europe/Berlin] Received inputs: customer_name=lolo, email=eleenbzoor32@gmail.com, password=set
[22-May-2025 19:54:15 Europe/Berlin] Email already registered: eleenbzoor32@gmail.com
[22-May-2025 19:54:26 Europe/Berlin] Received inputs: customer_name=lolo, email=eleenbzoor32@gmail.com, password=set
[22-May-2025 19:54:26 Europe/Berlin] Email already registered: eleenbzoor32@gmail.com
[22-May-2025 20:05:39 Europe/Berlin] Received inputs: customer_name=lolo, email=eleenbzoor32@gmail.com, password=set
[22-May-2025 20:05:39 Europe/Berlin] Email already registered: eleenbzoor32@gmail.com
[22-May-2025 20:06:07 Europe/Berlin] User already logged in, redirecting to mainbage.php
[22-May-2025 20:06:43 Europe/Berlin] Received inputs: customer_name=lolo, email=eleenbzoor32@gmail.com, password=set
[22-May-2025 20:06:44 Europe/Berlin] Registration successful for email: eleenbzoor32@gmail.com, redirecting to mainbage.php
[22-May-2025 20:16:14 Europe/Berlin] Received inputs: customer_name=lolo, email=eleenbzoor32@gmail.com, password=set
[22-May-2025 20:16:14 Europe/Berlin] Registration successful for email: eleenbzoor32@gmail.com, showing success alert
[22-May-2025 20:25:16 Europe/Berlin] Login attempt: email=eleenbzoor32@gmail.com, password=set
[22-May-2025 20:25:16 Europe/Berlin] Login successful for email: eleenbzoor32@gmail.com
[22-May-2025 20:25:16 Europe/Berlin] Admin login detected, redirecting to admin.php
[22-May-2025 20:26:04 Europe/Berlin] Login attempt: email=eleenbzoor32@gmail.com, password=set
[22-May-2025 20:26:04 Europe/Berlin] Login successful for email: eleenbzoor32@gmail.com
[22-May-2025 20:26:05 Europe/Berlin] Admin login detected, redirecting to admin.php
[22-May-2025 20:26:14 Europe/Berlin] Login attempt: email=s12218040@stu.najah.edu, password=set
[22-May-2025 20:26:14 Europe/Berlin] Invalid password for email: s12218040@stu.najah.edu
[22-May-2025 20:26:29 Europe/Berlin] Login attempt: email=s12218040@stu.najah.edu, password=set
[22-May-2025 20:26:29 Europe/Berlin] Invalid password for email: s12218040@stu.najah.edu
[22-May-2025 20:26:33 Europe/Berlin] Login attempt: email=s12218040@stu.najah.edu, password=set
[22-May-2025 20:26:34 Europe/Berlin] Invalid password for email: s12218040@stu.najah.edu
[22-May-2025 20:26:54 Europe/Berlin] Login attempt: email=s12218040@stu.najah.edu, password=set
[22-May-2025 20:26:54 Europe/Berlin] Invalid password for email: s12218040@stu.najah.edu
[22-May-2025 20:27:07 Europe/Berlin] Login attempt: email=s12218040@stu.najah.edu, password=set
[22-May-2025 20:27:07 Europe/Berlin] Invalid password for email: s12218040@stu.najah.edu
[22-May-2025 20:27:23 Europe/Berlin] Login attempt: email=s12218040@stu.najah.edu, password=set
[22-May-2025 20:27:23 Europe/Berlin] Invalid password for email: s12218040@stu.najah.edu
[22-May-2025 20:30:02 Europe/Berlin] Received inputs: customer_name=lolo, email=yamanabuasal20@gmail.com, password=set
[22-May-2025 20:30:02 Europe/Berlin] Registration successful for email: yamanabuasal20@gmail.com, showing success alert
[22-May-2025 20:30:32 Europe/Berlin] Login attempt: email=yamanabuasal20@gmail.com, password=set
[22-May-2025 20:30:32 Europe/Berlin] Login successful for email: yamanabuasal20@gmail.com
[22-May-2025 20:30:32 Europe/Berlin] Regular user login, redirecting to mainbage.php
